# JRE version: Java(TM) SE Runtime Environment (8.0_91-b15) (build 1.8.0_91-b15)
# Java VM: Java HotSpot(TM) 64-Bit Server VM (25.91-b15 mixed mode windows-amd64 compressed oops)
Heap:
 PSYoungGen      total 401408K, used 183772K [0x0000000780600000, 0x000000079a700000, 0x00000007c0000000)
  eden space 378368K, 48% used [0x0000000780600000,0x000000078b977040,0x0000000797780000)
  from space 23040K, 0% used [0x0000000798e80000,0x0000000798e80000,0x000000079a500000)
  to   space 23552K, 0% used [0x0000000797780000,0x0000000797780000,0x0000000798e80000)
 ParOldGen       total 179200K, used 27347K [0x0000000701200000, 0x000000070c100000, 0x0000000780600000)
  object space 179200K, 15% used [0x0000000701200000,0x0000000702cb4ea8,0x000000070c100000)
 Metaspace       used 59476K, capacity 62633K, committed 62848K, reserved 1103872K
  class space    used 8014K, capacity 8513K, committed 8576K, reserved 1048576K
GC Heap History (10 events):
Event: 17.983 GC heap before
{Heap before GC invocations=10 (full 2):
 PSYoungGen      total 218112K, used 218099K [0x0000000780600000, 0x0000000795600000, 0x00000007c0000000)
  eden space 203776K, 100% used [0x0000000780600000,0x000000078cd00000,0x000000078cd00000)
  from space 14336K, 99% used [0x000000078cd00000,0x000000078dafcd18,0x000000078db00000)
  to   space 17408K, 0% used [0x0000000794500000,0x0000000794500000,0x0000000795600000)
 ParOldGen       total 125952K, used 14855K [0x0000000701200000, 0x0000000708d00000, 0x0000000780600000)
  object space 125952K, 11% used [0x0000000701200000,0x0000000702081e60,0x0000000708d00000)
 Metaspace       used 52578K, capacity 55354K, committed 55552K, reserved 1097728K
  class space    used 7217K, capacity 7671K, committed 7680K, reserved 1048576K
Event: 18.026 GC heap after
Heap after GC invocations=10 (full 2):
 PSYoungGen      total 317440K, used 17383K [0x0000000780600000, 0x0000000795600000, 0x00000007c0000000)
  eden space 300032K, 0% used [0x0000000780600000,0x0000000780600000,0x0000000792b00000)
  from space 17408K, 99% used [0x0000000794500000,0x00000007955f9ee0,0x0000000795600000)
  to   space 21504K, 0% used [0x0000000792c00000,0x0000000792c00000,0x0000000794100000)
 ParOldGen       total 125952K, used 19173K [0x0000000701200000, 0x0000000708d00000, 0x0000000780600000)
  object space 125952K, 15% used [0x0000000701200000,0x00000007024b94a8,0x0000000708d00000)
 Metaspace       used 52578K, capacity 55354K, committed 55552K, reserved 1097728K
  class space    used 7217K, capacity 7671K, committed 7680K, reserved 1048576K
}
Event: 24.645 GC heap before
{Heap before GC invocations=11 (full 2):
 PSYoungGen      total 317440K, used 102629K [0x0000000780600000, 0x0000000795600000, 0x00000007c0000000)
  eden space 300032K, 28% used [0x0000000780600000,0x000000078593f6a8,0x0000000792b00000)
  from space 17408K, 99% used [0x0000000794500000,0x00000007955f9ee0,0x0000000795600000)
  to   space 21504K, 0% used [0x0000000792c00000,0x0000000792c00000,0x0000000794100000)
 ParOldGen       total 125952K, used 19173K [0x0000000701200000, 0x0000000708d00000, 0x0000000780600000)
  object space 125952K, 15% used [0x0000000701200000,0x00000007024b94a8,0x0000000708d00000)
 Metaspace       used 56033K, capacity 58829K, committed 59136K, reserved 1099776K
  class space    used 7709K, capacity 8169K, committed 8192K, reserved 1048576K
Event: 24.704 GC heap after
Heap after GC invocations=11 (full 2):
 PSYoungGen      total 322560K, used 18760K [0x0000000780600000, 0x000000079a500000, 0x00000007c0000000)
  eden space 301056K, 0% used [0x0000000780600000,0x0000000780600000,0x0000000792c00000)
  from space 21504K, 87% used [0x0000000792c00000,0x0000000793e523b0,0x0000000794100000)
  to   space 23040K, 0% used [0x0000000798e80000,0x0000000798e80000,0x000000079a500000)
 ParOldGen       total 125952K, used 19181K [0x0000000701200000, 0x0000000708d00000, 0x0000000780600000)
  object space 125952K, 15% used [0x0000000701200000,0x00000007024bb4a8,0x0000000708d00000)
 Metaspace       used 56033K, capacity 58829K, committed 59136K, reserved 1099776K
  class space    used 7709K, capacity 8169K, committed 8192K, reserved 1048576K
}
Event: 24.705 GC heap before
{Heap before GC invocations=12 (full 3):
 PSYoungGen      total 322560K, used 18760K [0x0000000780600000, 0x000000079a500000, 0x00000007c0000000)
  eden space 301056K, 0% used [0x0000000780600000,0x0000000780600000,0x0000000792c00000)
  from space 21504K, 87% used [0x0000000792c00000,0x0000000793e523b0,0x0000000794100000)
  to   space 23040K, 0% used [0x0000000798e80000,0x0000000798e80000,0x000000079a500000)
 ParOldGen       total 125952K, used 19181K [0x0000000701200000, 0x0000000708d00000, 0x0000000780600000)
  object space 125952K, 15% used [0x0000000701200000,0x00000007024bb4a8,0x0000000708d00000)
 Metaspace       used 56033K, capacity 58829K, committed 59136K, reserved 1099776K
  class space    used 7709K, capacity 8169K, committed 8192K, reserved 1048576K
Event: 25.070 GC heap after
Heap after GC invocations=12 (full 3):
 PSYoungGen      total 322560K, used 0K [0x0000000780600000, 0x000000079a500000, 0x00000007c0000000)
  eden space 301056K, 0% used [0x0000000780600000,0x0000000780600000,0x0000000792c00000)
  from space 21504K, 0% used [0x0000000792c00000,0x0000000792c00000,0x0000000794100000)
  to   space 23040K, 0% used [0x0000000798e80000,0x0000000798e80000,0x000000079a500000)
 ParOldGen       total 179200K, used 28734K [0x0000000701200000, 0x000000070c100000, 0x0000000780600000)
  object space 179200K, 16% used [0x0000000701200000,0x0000000702e0fa18,0x000000070c100000)
 Metaspace       used 56033K, capacity 58829K, committed 59136K, reserved 1099776K
  class space    used 7709K, capacity 8169K, committed 8192K, reserved 1048576K
}
Event: 905.788 GC heap before
{Heap before GC invocations=13 (full 3):
 PSYoungGen      total 322560K, used 139496K [0x0000000780600000, 0x000000079a500000, 0x00000007c0000000)
  eden space 301056K, 46% used [0x0000000780600000,0x0000000788e3a308,0x0000000792c00000)
  from space 21504K, 0% used [0x0000000792c00000,0x0000000792c00000,0x0000000794100000)
  to   space 23040K, 0% used [0x0000000798e80000,0x0000000798e80000,0x000000079a500000)
 ParOldGen       total 179200K, used 28734K [0x0000000701200000, 0x000000070c100000, 0x0000000780600000)
  object space 179200K, 16% used [0x0000000701200000,0x0000000702e0fa18,0x000000070c100000)
 Metaspace       used 58980K, capacity 61995K, committed 62336K, reserved 1103872K
  class space    used 7993K, capacity 8491K, committed 8576K, reserved 1048576K
Event: 905.802 GC heap after
Heap after GC invocations=13 (full 3):
 PSYoungGen      total 401408K, used 3417K [0x0000000780600000, 0x000000079a700000, 0x00000007c0000000)
  eden space 378368K, 0% used [0x0000000780600000,0x0000000780600000,0x0000000797780000)
  from space 23040K, 14% used [0x0000000798e80000,0x00000007991d64c0,0x000000079a500000)
  to   space 23552K, 0% used [0x0000000797780000,0x0000000797780000,0x0000000798e80000)
 ParOldGen       total 179200K, used 28742K [0x0000000701200000, 0x000000070c100000, 0x0000000780600000)
  object space 179200K, 16% used [0x0000000701200000,0x0000000702e11a18,0x000000070c100000)
 Metaspace       used 58980K, capacity 61995K, committed 62336K, reserved 1103872K
  class space    used 7993K, capacity 8491K, committed 8576K, reserved 1048576K
}
Event: 905.802 GC heap before
{Heap before GC invocations=14 (full 4):
 PSYoungGen      total 401408K, used 3417K [0x0000000780600000, 0x000000079a700000, 0x00000007c0000000)
  eden space 378368K, 0% used [0x0000000780600000,0x0000000780600000,0x0000000797780000)
  from space 23040K, 14% used [0x0000000798e80000,0x00000007991d64c0,0x000000079a500000)
  to   space 23552K, 0% used [0x0000000797780000,0x0000000797780000,0x0000000798e80000)
 ParOldGen       total 179200K, used 28742K [0x0000000701200000, 0x000000070c100000, 0x0000000780600000)
  object space 179200K, 16% used [0x0000000701200000,0x0000000702e11a18,0x000000070c100000)
 Metaspace       used 58980K, capacity 61995K, committed 62336K, reserved 1103872K
  class space    used 7993K, capacity 8491K, committed 8576K, reserved 1048576K
Event: 906.772 GC heap after
Heap after GC invocations=14 (full 4):
 PSYoungGen      total 401408K, used 0K [0x0000000780600000, 0x000000079a700000, 0x00000007c0000000)
  eden space 378368K, 0% used [0x0000000780600000,0x0000000780600000,0x0000000797780000)
  from space 23040K, 0% used [0x0000000798e80000,0x0000000798e80000,0x000000079a500000)
  to   space 23552K, 0% used [0x0000000797780000,0x0000000797780000,0x0000000798e80000)
 ParOldGen       total 179200K, used 27347K [0x0000000701200000, 0x000000070c100000, 0x0000000780600000)
  object space 179200K, 15% used [0x0000000701200000,0x0000000702cb4ea8,0x000000070c100000)
 Metaspace       used 58980K, capacity 61995K, committed 62336K, reserved 1103872K
  class space    used 7993K, capacity 8491K, committed 8576K, reserved 1048576K
}

