# JRE version: Java(TM) SE Runtime Environment (8.0_91-b15) (build 1.8.0_91-b15)
# Java VM: Java HotSpot(TM) 64-Bit Server VM (25.91-b15 mixed mode windows-amd64 compressed oops)
Heap:
 PSYoungGen      total 357888K, used 88836K [0x0000000780600000, 0x000000079e280000, 0x00000007c0000000)
  eden space 336384K, 26% used [0x0000000780600000,0x0000000785cc12e0,0x0000000794e80000)
  from space 21504K, 0% used [0x0000000794e80000,0x0000000794e80000,0x0000000796380000)
  to   space 23552K, 0% used [0x000000079cb80000,0x000000079cb80000,0x000000079e280000)
 ParOldGen       total 156672K, used 28663K [0x0000000701200000, 0x000000070ab00000, 0x0000000780600000)
  object space 156672K, 18% used [0x0000000701200000,0x0000000702dfde08,0x000000070ab00000)
 Metaspace       used 57685K, capacity 60545K, committed 60672K, reserved 1101824K
  class space    used 7948K, capacity 8413K, committed 8448K, reserved 1048576K
GC Heap History (10 events):
Event: 9.763 GC heap before
{Heap before GC invocations=8 (full 2):
 PSYoungGen      total 225280K, used 8214K [0x0000000780600000, 0x0000000796700000, 0x00000007c0000000)
  eden space 210432K, 0% used [0x0000000780600000,0x0000000780600000,0x000000078d380000)
  from space 14848K, 55% used [0x000000078e180000,0x000000078e985ab8,0x000000078f000000)
  to   space 14336K, 0% used [0x000000078d380000,0x000000078d380000,0x000000078e180000)
 ParOldGen       total 88576K, used 16343K [0x0000000701200000, 0x0000000706880000, 0x0000000780600000)
  object space 88576K, 18% used [0x0000000701200000,0x00000007021f5d48,0x0000000706880000)
 Metaspace       used 33676K, capacity 35428K, committed 35496K, reserved 1079296K
  class space    used 4461K, capacity 4796K, committed 4864K, reserved 1048576K
Event: 9.881 GC heap after
Heap after GC invocations=8 (full 2):
 PSYoungGen      total 225280K, used 0K [0x0000000780600000, 0x0000000796700000, 0x00000007c0000000)
  eden space 210432K, 0% used [0x0000000780600000,0x0000000780600000,0x000000078d380000)
  from space 14848K, 0% used [0x000000078e180000,0x000000078e180000,0x000000078f000000)
  to   space 14336K, 0% used [0x000000078d380000,0x000000078d380000,0x000000078e180000)
 ParOldGen       total 114688K, used 12423K [0x0000000701200000, 0x0000000708200000, 0x0000000780600000)
  object space 114688K, 10% used [0x0000000701200000,0x0000000701e21cd0,0x0000000708200000)
 Metaspace       used 33676K, capacity 35428K, committed 35496K, reserved 1079296K
  class space    used 4461K, capacity 4796K, committed 4864K, reserved 1048576K
}
Event: 14.728 GC heap before
{Heap before GC invocations=9 (full 2):
 PSYoungGen      total 225280K, used 210432K [0x0000000780600000, 0x0000000796700000, 0x00000007c0000000)
  eden space 210432K, 100% used [0x0000000780600000,0x000000078d380000,0x000000078d380000)
  from space 14848K, 0% used [0x000000078e180000,0x000000078e180000,0x000000078f000000)
  to   space 14336K, 0% used [0x000000078d380000,0x000000078d380000,0x000000078e180000)
 ParOldGen       total 114688K, used 12423K [0x0000000701200000, 0x0000000708200000, 0x0000000780600000)
  object space 114688K, 10% used [0x0000000701200000,0x0000000701e21cd0,0x0000000708200000)
 Metaspace       used 43287K, capacity 45340K, committed 45568K, reserved 1089536K
  class space    used 5754K, capacity 6098K, committed 6144K, reserved 1048576K
Event: 14.766 GC heap after
Heap after GC invocations=9 (full 2):
 PSYoungGen      total 224768K, used 14308K [0x0000000780600000, 0x0000000797880000, 0x00000007c0000000)
  eden space 210432K, 0% used [0x0000000780600000,0x0000000780600000,0x000000078d380000)
  from space 14336K, 99% used [0x000000078d380000,0x000000078e179148,0x000000078e180000)
  to   space 17408K, 0% used [0x0000000796780000,0x0000000796780000,0x0000000797880000)
 ParOldGen       total 114688K, used 15357K [0x0000000701200000, 0x0000000708200000, 0x0000000780600000)
  object space 114688K, 13% used [0x0000000701200000,0x00000007020ff528,0x0000000708200000)
 Metaspace       used 43287K, capacity 45340K, committed 45568K, reserved 1089536K
  class space    used 5754K, capacity 6098K, committed 6144K, reserved 1048576K
}
Event: 32.793 GC heap before
{Heap before GC invocations=10 (full 2):
 PSYoungGen      total 224768K, used 224740K [0x0000000780600000, 0x0000000797880000, 0x00000007c0000000)
  eden space 210432K, 100% used [0x0000000780600000,0x000000078d380000,0x000000078d380000)
  from space 14336K, 99% used [0x000000078d380000,0x000000078e179148,0x000000078e180000)
  to   space 17408K, 0% used [0x0000000796780000,0x0000000796780000,0x0000000797880000)
 ParOldGen       total 114688K, used 15357K [0x0000000701200000, 0x0000000708200000, 0x0000000780600000)
  object space 114688K, 13% used [0x0000000701200000,0x00000007020ff528,0x0000000708200000)
 Metaspace       used 52575K, capacity 55350K, committed 55552K, reserved 1097728K
  class space    used 7220K, capacity 7671K, committed 7680K, reserved 1048576K
Event: 32.940 GC heap after
Heap after GC invocations=10 (full 2):
 PSYoungGen      total 351744K, used 17377K [0x0000000780600000, 0x0000000797880000, 0x00000007c0000000)
  eden space 334336K, 0% used [0x0000000780600000,0x0000000780600000,0x0000000794c80000)
  from space 17408K, 99% used [0x0000000796780000,0x0000000797878438,0x0000000797880000)
  to   space 21504K, 0% used [0x0000000794e80000,0x0000000794e80000,0x0000000796380000)
 ParOldGen       total 114688K, used 19393K [0x0000000701200000, 0x0000000708200000, 0x0000000780600000)
  object space 114688K, 16% used [0x0000000701200000,0x00000007024f06f8,0x0000000708200000)
 Metaspace       used 52575K, capacity 55350K, committed 55552K, reserved 1097728K
  class space    used 7220K, capacity 7671K, committed 7680K, reserved 1048576K
}
Event: 42.381 GC heap before
{Heap before GC invocations=11 (full 2):
 PSYoungGen      total 351744K, used 96765K [0x0000000780600000, 0x0000000797880000, 0x00000007c0000000)
  eden space 334336K, 23% used [0x0000000780600000,0x0000000785387258,0x0000000794c80000)
  from space 17408K, 99% used [0x0000000796780000,0x0000000797878438,0x0000000797880000)
  to   space 21504K, 0% used [0x0000000794e80000,0x0000000794e80000,0x0000000796380000)
 ParOldGen       total 114688K, used 19393K [0x0000000701200000, 0x0000000708200000, 0x0000000780600000)
  object space 114688K, 16% used [0x0000000701200000,0x00000007024f06f8,0x0000000708200000)
 Metaspace       used 56341K, capacity 59118K, committed 59136K, reserved 1099776K
  class space    used 7715K, capacity 8183K, committed 8192K, reserved 1048576K
Event: 42.418 GC heap after
Heap after GC invocations=11 (full 2):
 PSYoungGen      total 357888K, used 18762K [0x0000000780600000, 0x000000079e280000, 0x00000007c0000000)
  eden space 336384K, 0% used [0x0000000780600000,0x0000000780600000,0x0000000794e80000)
  from space 21504K, 87% used [0x0000000794e80000,0x00000007960d2ab0,0x0000000796380000)
  to   space 23552K, 0% used [0x000000079cb80000,0x000000079cb80000,0x000000079e280000)
 ParOldGen       total 114688K, used 19393K [0x0000000701200000, 0x0000000708200000, 0x0000000780600000)
  object space 114688K, 16% used [0x0000000701200000,0x00000007024f06f8,0x0000000708200000)
 Metaspace       used 56341K, capacity 59118K, committed 59136K, reserved 1099776K
  class space    used 7715K, capacity 8183K, committed 8192K, reserved 1048576K
}
Event: 42.418 GC heap before
{Heap before GC invocations=12 (full 3):
 PSYoungGen      total 357888K, used 18762K [0x0000000780600000, 0x000000079e280000, 0x00000007c0000000)
  eden space 336384K, 0% used [0x0000000780600000,0x0000000780600000,0x0000000794e80000)
  from space 21504K, 87% used [0x0000000794e80000,0x00000007960d2ab0,0x0000000796380000)
  to   space 23552K, 0% used [0x000000079cb80000,0x000000079cb80000,0x000000079e280000)
 ParOldGen       total 114688K, used 19393K [0x0000000701200000, 0x0000000708200000, 0x0000000780600000)
  object space 114688K, 16% used [0x0000000701200000,0x00000007024f06f8,0x0000000708200000)
 Metaspace       used 56341K, capacity 59118K, committed 59136K, reserved 1099776K
  class space    used 7715K, capacity 8183K, committed 8192K, reserved 1048576K
Event: 42.671 GC heap after
Heap after GC invocations=12 (full 3):
 PSYoungGen      total 357888K, used 0K [0x0000000780600000, 0x000000079e280000, 0x00000007c0000000)
  eden space 336384K, 0% used [0x0000000780600000,0x0000000780600000,0x0000000794e80000)
  from space 21504K, 0% used [0x0000000794e80000,0x0000000794e80000,0x0000000796380000)
  to   space 23552K, 0% used [0x000000079cb80000,0x000000079cb80000,0x000000079e280000)
 ParOldGen       total 156672K, used 28663K [0x0000000701200000, 0x000000070ab00000, 0x0000000780600000)
  object space 156672K, 18% used [0x0000000701200000,0x0000000702dfde08,0x000000070ab00000)
 Metaspace       used 56341K, capacity 59118K, committed 59136K, reserved 1099776K
  class space    used 7715K, capacity 8183K, committed 8192K, reserved 1048576K
}

