# JRE version: Java(TM) SE Runtime Environment (8.0_91-b15) (build 1.8.0_91-b15)
# Java VM: Java HotSpot(TM) 64-Bit Server VM (25.91-b15 mixed mode windows-amd64 compressed oops)
Heap:
 PSYoungGen      total 220160K, used 8868K [0x0000000780600000, 0x0000000794380000, 0x00000007c0000000)
  eden space 205824K, 4% used [0x0000000780600000,0x0000000780ea9238,0x000000078cf00000)
  from space 14336K, 0% used [0x000000078dd80000,0x000000078dd80000,0x000000078eb80000)
  to   space 14848K, 0% used [0x000000078cf00000,0x000000078cf00000,0x000000078dd80000)
 ParOldGen       total 133120K, used 15800K [0x0000000701200000, 0x0000000709400000, 0x0000000780600000)
  object space 133120K, 11% used [0x0000000701200000,0x000000070216e2c0,0x0000000709400000)
 Metaspace       used 34737K, capacity 36206K, committed 36392K, reserved 1083392K
  class space    used 4581K, capacity 4874K, committed 4904K, reserved 1048576K
GC Heap History (10 events):
Event: 2.993 GC heap before
{Heap before GC invocations=4 (full 1):
 PSYoungGen      total 106496K, used 8169K [0x0000000780600000, 0x000000078d600000, 0x00000007c0000000)
  eden space 98304K, 0% used [0x0000000780600000,0x0000000780600000,0x0000000786600000)
  from space 8192K, 99% used [0x0000000786600000,0x0000000786dfa740,0x0000000786e00000)
  to   space 8192K, 0% used [0x000000078ce00000,0x000000078ce00000,0x000000078d600000)
 ParOldGen       total 131072K, used 3514K [0x0000000701200000, 0x0000000709200000, 0x0000000780600000)
  object space 131072K, 2% used [0x0000000701200000,0x000000070156eb60,0x0000000709200000)
 Metaspace       used 20608K, capacity 21134K, committed 21296K, reserved 1067008K
  class space    used 2696K, capacity 2857K, committed 2944K, reserved 1048576K
Event: 3.043 GC heap after
Heap after GC invocations=4 (full 1):
 PSYoungGen      total 106496K, used 0K [0x0000000780600000, 0x000000078d600000, 0x00000007c0000000)
  eden space 98304K, 0% used [0x0000000780600000,0x0000000780600000,0x0000000786600000)
  from space 8192K, 0% used [0x0000000786600000,0x0000000786600000,0x0000000786e00000)
  to   space 8192K, 0% used [0x000000078ce00000,0x000000078ce00000,0x000000078d600000)
 ParOldGen       total 88576K, used 11155K [0x0000000701200000, 0x0000000706880000, 0x0000000780600000)
  object space 88576K, 12% used [0x0000000701200000,0x0000000701ce4c08,0x0000000706880000)
 Metaspace       used 20608K, capacity 21134K, committed 21296K, reserved 1067008K
  class space    used 2696K, capacity 2857K, committed 2944K, reserved 1048576K
}
Event: 6.345 GC heap before
{Heap before GC invocations=5 (full 1):
 PSYoungGen      total 106496K, used 98304K [0x0000000780600000, 0x000000078d600000, 0x00000007c0000000)
  eden space 98304K, 100% used [0x0000000780600000,0x0000000786600000,0x0000000786600000)
  from space 8192K, 0% used [0x0000000786600000,0x0000000786600000,0x0000000786e00000)
  to   space 8192K, 0% used [0x000000078ce00000,0x000000078ce00000,0x000000078d600000)
 ParOldGen       total 88576K, used 11155K [0x0000000701200000, 0x0000000706880000, 0x0000000780600000)
  object space 88576K, 12% used [0x0000000701200000,0x0000000701ce4c08,0x0000000706880000)
 Metaspace       used 27411K, capacity 28296K, committed 28416K, reserved 1073152K
  class space    used 3581K, capacity 3810K, committed 3840K, reserved 1048576K
Event: 6.358 GC heap after
Heap after GC invocations=5 (full 1):
 PSYoungGen      total 151040K, used 8164K [0x0000000780600000, 0x000000078d600000, 0x00000007c0000000)
  eden space 142848K, 0% used [0x0000000780600000,0x0000000780600000,0x0000000789180000)
  from space 8192K, 99% used [0x000000078ce00000,0x000000078d5f92a0,0x000000078d600000)
  to   space 8192K, 0% used [0x000000078c600000,0x000000078c600000,0x000000078ce00000)
 ParOldGen       total 88576K, used 11339K [0x0000000701200000, 0x0000000706880000, 0x0000000780600000)
  object space 88576K, 12% used [0x0000000701200000,0x0000000701d12cd8,0x0000000706880000)
 Metaspace       used 27411K, capacity 28296K, committed 28416K, reserved 1073152K
  class space    used 3581K, capacity 3810K, committed 3840K, reserved 1048576K
}
Event: 8.369 GC heap before
{Heap before GC invocations=6 (full 1):
 PSYoungGen      total 151040K, used 151012K [0x0000000780600000, 0x000000078d600000, 0x00000007c0000000)
  eden space 142848K, 100% used [0x0000000780600000,0x0000000789180000,0x0000000789180000)
  from space 8192K, 99% used [0x000000078ce00000,0x000000078d5f92a0,0x000000078d600000)
  to   space 8192K, 0% used [0x000000078c600000,0x000000078c600000,0x000000078ce00000)
 ParOldGen       total 88576K, used 11339K [0x0000000701200000, 0x0000000706880000, 0x0000000780600000)
  object space 88576K, 12% used [0x0000000701200000,0x0000000701d12cd8,0x0000000706880000)
 Metaspace       used 31755K, capacity 32818K, committed 33152K, reserved 1077248K
  class space    used 4159K, capacity 4392K, committed 4480K, reserved 1048576K
Event: 8.393 GC heap after
Heap after GC invocations=6 (full 1):
 PSYoungGen      total 204800K, used 8176K [0x0000000780600000, 0x000000078eb80000, 0x00000007c0000000)
  eden space 196608K, 0% used [0x0000000780600000,0x0000000780600000,0x000000078c600000)
  from space 8192K, 99% used [0x000000078c600000,0x000000078cdfc030,0x000000078ce00000)
  to   space 14336K, 0% used [0x000000078dd80000,0x000000078dd80000,0x000000078eb80000)
 ParOldGen       total 88576K, used 16244K [0x0000000701200000, 0x0000000706880000, 0x0000000780600000)
  object space 88576K, 18% used [0x0000000701200000,0x00000007021dd278,0x0000000706880000)
 Metaspace       used 31755K, capacity 32818K, committed 33152K, reserved 1077248K
  class space    used 4159K, capacity 4392K, committed 4480K, reserved 1048576K
}
Event: 9.295 GC heap before
{Heap before GC invocations=7 (full 1):
 PSYoungGen      total 204800K, used 41525K [0x0000000780600000, 0x000000078eb80000, 0x00000007c0000000)
  eden space 196608K, 16% used [0x0000000780600000,0x00000007826915f0,0x000000078c600000)
  from space 8192K, 99% used [0x000000078c600000,0x000000078cdfc030,0x000000078ce00000)
  to   space 14336K, 0% used [0x000000078dd80000,0x000000078dd80000,0x000000078eb80000)
 ParOldGen       total 88576K, used 16244K [0x0000000701200000, 0x0000000706880000, 0x0000000780600000)
  object space 88576K, 18% used [0x0000000701200000,0x00000007021dd278,0x0000000706880000)
 Metaspace       used 33965K, capacity 35438K, committed 35496K, reserved 1079296K
  class space    used 4465K, capacity 4746K, committed 4776K, reserved 1048576K
Event: 9.321 GC heap after
Heap after GC invocations=7 (full 1):
 PSYoungGen      total 220160K, used 10984K [0x0000000780600000, 0x0000000794380000, 0x00000007c0000000)
  eden space 205824K, 0% used [0x0000000780600000,0x0000000780600000,0x000000078cf00000)
  from space 14336K, 76% used [0x000000078dd80000,0x000000078e83a3f8,0x000000078eb80000)
  to   space 14848K, 0% used [0x000000078cf00000,0x000000078cf00000,0x000000078dd80000)
 ParOldGen       total 88576K, used 16252K [0x0000000701200000, 0x0000000706880000, 0x0000000780600000)
  object space 88576K, 18% used [0x0000000701200000,0x00000007021df278,0x0000000706880000)
 Metaspace       used 33965K, capacity 35438K, committed 35496K, reserved 1079296K
  class space    used 4465K, capacity 4746K, committed 4776K, reserved 1048576K
}
Event: 9.322 GC heap before
{Heap before GC invocations=8 (full 2):
 PSYoungGen      total 220160K, used 10984K [0x0000000780600000, 0x0000000794380000, 0x00000007c0000000)
  eden space 205824K, 0% used [0x0000000780600000,0x0000000780600000,0x000000078cf00000)
  from space 14336K, 76% used [0x000000078dd80000,0x000000078e83a3f8,0x000000078eb80000)
  to   space 14848K, 0% used [0x000000078cf00000,0x000000078cf00000,0x000000078dd80000)
 ParOldGen       total 88576K, used 16252K [0x0000000701200000, 0x0000000706880000, 0x0000000780600000)
  object space 88576K, 18% used [0x0000000701200000,0x00000007021df278,0x0000000706880000)
 Metaspace       used 33965K, capacity 35438K, committed 35496K, reserved 1079296K
  class space    used 4465K, capacity 4746K, committed 4776K, reserved 1048576K
Event: 9.434 GC heap after
Heap after GC invocations=8 (full 2):
 PSYoungGen      total 220160K, used 0K [0x0000000780600000, 0x0000000794380000, 0x00000007c0000000)
  eden space 205824K, 0% used [0x0000000780600000,0x0000000780600000,0x000000078cf00000)
  from space 14336K, 0% used [0x000000078dd80000,0x000000078dd80000,0x000000078eb80000)
  to   space 14848K, 0% used [0x000000078cf00000,0x000000078cf00000,0x000000078dd80000)
 ParOldGen       total 133120K, used 15800K [0x0000000701200000, 0x0000000709400000, 0x0000000780600000)
  object space 133120K, 11% used [0x0000000701200000,0x000000070216e2c0,0x0000000709400000)
 Metaspace       used 33965K, capacity 35438K, committed 35496K, reserved 1079296K
  class space    used 4465K, capacity 4746K, committed 4776K, reserved 1048576K
}

