# JRE version: Java(TM) SE Runtime Environment (8.0_91-b15) (build 1.8.0_91-b15)
# Java VM: Java HotSpot(TM) 64-Bit Server VM (25.91-b15 mixed mode windows-amd64 compressed oops)
Heap:
 PSYoungGen      total 230400K, used 18915K [0x0000000780600000, 0x000000078fe80000, 0x00000007c0000000)
  eden space 218112K, 8% used [0x0000000780600000,0x0000000781878d48,0x000000078db00000)
  from space 12288K, 0% used [0x000000078e680000,0x000000078e680000,0x000000078f280000)
  to   space 8704K, 0% used [0x000000078f600000,0x000000078f600000,0x000000078fe80000)
 ParOldGen       total 123904K, used 34504K [0x0000000701200000, 0x0000000708b00000, 0x0000000780600000)
  object space 123904K, 27% used [0x0000000701200000,0x00000007033b2350,0x0000000708b00000)
 Metaspace       used 57261K, capacity 60178K, committed 60288K, reserved 1101824K
  class space    used 7962K, capacity 8486K, committed 8576K, reserved 1048576K
GC Heap History (10 events):
Event: 9.178 GC heap before
{Heap before GC invocations=8 (full 1):
 PSYoungGen      total 160768K, used 61963K [0x0000000780600000, 0x000000078af00000, 0x00000007c0000000)
  eden space 150528K, 34% used [0x0000000780600000,0x00000007839096f0,0x0000000789900000)
  from space 10240K, 94% used [0x000000078a480000,0x000000078adf95e0,0x000000078ae80000)
  to   space 11264K, 0% used [0x0000000789900000,0x0000000789900000,0x000000078a400000)
 ParOldGen       total 78848K, used 8447K [0x0000000701200000, 0x0000000705f00000, 0x0000000780600000)
  object space 78848K, 10% used [0x0000000701200000,0x0000000701a3ff18,0x0000000705f00000)
 Metaspace       used 33521K, capacity 35388K, committed 35496K, reserved 1079296K
  class space    used 4470K, capacity 4809K, committed 4864K, reserved 1048576K
Event: 9.211 GC heap after
Heap after GC invocations=8 (full 1):
 PSYoungGen      total 161792K, used 10723K [0x0000000780600000, 0x0000000790200000, 0x00000007c0000000)
  eden space 150528K, 0% used [0x0000000780600000,0x0000000780600000,0x0000000789900000)
  from space 11264K, 95% used [0x0000000789900000,0x000000078a378f58,0x000000078a400000)
  to   space 12288K, 0% used [0x000000078f600000,0x000000078f600000,0x0000000790200000)
 ParOldGen       total 78848K, used 8455K [0x0000000701200000, 0x0000000705f00000, 0x0000000780600000)
  object space 78848K, 10% used [0x0000000701200000,0x0000000701a41f18,0x0000000705f00000)
 Metaspace       used 33521K, capacity 35388K, committed 35496K, reserved 1079296K
  class space    used 4470K, capacity 4809K, committed 4864K, reserved 1048576K
}
Event: 9.211 GC heap before
{Heap before GC invocations=9 (full 2):
 PSYoungGen      total 161792K, used 10723K [0x0000000780600000, 0x0000000790200000, 0x00000007c0000000)
  eden space 150528K, 0% used [0x0000000780600000,0x0000000780600000,0x0000000789900000)
  from space 11264K, 95% used [0x0000000789900000,0x000000078a378f58,0x000000078a400000)
  to   space 12288K, 0% used [0x000000078f600000,0x000000078f600000,0x0000000790200000)
 ParOldGen       total 78848K, used 8455K [0x0000000701200000, 0x0000000705f00000, 0x0000000780600000)
  object space 78848K, 10% used [0x0000000701200000,0x0000000701a41f18,0x0000000705f00000)
 Metaspace       used 33521K, capacity 35388K, committed 35496K, reserved 1079296K
  class space    used 4470K, capacity 4809K, committed 4864K, reserved 1048576K
Event: 9.359 GC heap after
Heap after GC invocations=9 (full 2):
 PSYoungGen      total 161792K, used 0K [0x0000000780600000, 0x0000000790200000, 0x00000007c0000000)
  eden space 150528K, 0% used [0x0000000780600000,0x0000000780600000,0x0000000789900000)
  from space 11264K, 0% used [0x0000000789900000,0x0000000789900000,0x000000078a400000)
  to   space 12288K, 0% used [0x000000078f600000,0x000000078f600000,0x0000000790200000)
 ParOldGen       total 123904K, used 14611K [0x0000000701200000, 0x0000000708b00000, 0x0000000780600000)
  object space 123904K, 11% used [0x0000000701200000,0x0000000702044f90,0x0000000708b00000)
 Metaspace       used 33521K, capacity 35388K, committed 35496K, reserved 1079296K
  class space    used 4470K, capacity 4809K, committed 4864K, reserved 1048576K
}
Event: 10.872 GC heap before
{Heap before GC invocations=10 (full 2):
 PSYoungGen      total 161792K, used 150528K [0x0000000780600000, 0x0000000790200000, 0x00000007c0000000)
  eden space 150528K, 100% used [0x0000000780600000,0x0000000789900000,0x0000000789900000)
  from space 11264K, 0% used [0x0000000789900000,0x0000000789900000,0x000000078a400000)
  to   space 12288K, 0% used [0x000000078f600000,0x000000078f600000,0x0000000790200000)
 ParOldGen       total 123904K, used 14611K [0x0000000701200000, 0x0000000708b00000, 0x0000000780600000)
  object space 123904K, 11% used [0x0000000701200000,0x0000000702044f90,0x0000000708b00000)
 Metaspace       used 38606K, capacity 40684K, committed 40832K, reserved 1085440K
  class space    used 5051K, capacity 5437K, committed 5504K, reserved 1048576K
Event: 10.899 GC heap after
Heap after GC invocations=10 (full 2):
 PSYoungGen      total 226816K, used 8284K [0x0000000780600000, 0x000000078fe80000, 0x00000007c0000000)
  eden space 218112K, 0% used [0x0000000780600000,0x0000000780600000,0x000000078db00000)
  from space 8704K, 95% used [0x000000078f600000,0x000000078fe17380,0x000000078fe80000)
  to   space 12288K, 0% used [0x000000078e680000,0x000000078e680000,0x000000078f280000)
 ParOldGen       total 123904K, used 14619K [0x0000000701200000, 0x0000000708b00000, 0x0000000780600000)
  object space 123904K, 11% used [0x0000000701200000,0x0000000702046f90,0x0000000708b00000)
 Metaspace       used 38606K, capacity 40684K, committed 40832K, reserved 1085440K
  class space    used 5051K, capacity 5437K, committed 5504K, reserved 1048576K
}
Event: 14.472 GC heap before
{Heap before GC invocations=11 (full 2):
 PSYoungGen      total 226816K, used 199153K [0x0000000780600000, 0x000000078fe80000, 0x00000007c0000000)
  eden space 218112K, 87% used [0x0000000780600000,0x000000078c0651a8,0x000000078db00000)
  from space 8704K, 95% used [0x000000078f600000,0x000000078fe17380,0x000000078fe80000)
  to   space 12288K, 0% used [0x000000078e680000,0x000000078e680000,0x000000078f280000)
 ParOldGen       total 123904K, used 14619K [0x0000000701200000, 0x0000000708b00000, 0x0000000780600000)
  object space 123904K, 11% used [0x0000000701200000,0x0000000702046f90,0x0000000708b00000)
 Metaspace       used 56397K, capacity 59150K, committed 59160K, reserved 1099776K
  class space    used 7814K, capacity 8312K, committed 8320K, reserved 1048576K
Event: 14.518 GC heap after
Heap after GC invocations=11 (full 2):
 PSYoungGen      total 230400K, used 12268K [0x0000000780600000, 0x000000078fe80000, 0x00000007c0000000)
  eden space 218112K, 0% used [0x0000000780600000,0x0000000780600000,0x000000078db00000)
  from space 12288K, 99% used [0x000000078e680000,0x000000078f27b2d0,0x000000078f280000)
  to   space 8704K, 0% used [0x000000078f600000,0x000000078f600000,0x000000078fe80000)
 ParOldGen       total 123904K, used 26116K [0x0000000701200000, 0x0000000708b00000, 0x0000000780600000)
  object space 123904K, 21% used [0x0000000701200000,0x0000000702b813f8,0x0000000708b00000)
 Metaspace       used 56397K, capacity 59150K, committed 59160K, reserved 1099776K
  class space    used 7814K, capacity 8312K, committed 8320K, reserved 1048576K
}
Event: 14.518 GC heap before
{Heap before GC invocations=12 (full 3):
 PSYoungGen      total 230400K, used 12268K [0x0000000780600000, 0x000000078fe80000, 0x00000007c0000000)
  eden space 218112K, 0% used [0x0000000780600000,0x0000000780600000,0x000000078db00000)
  from space 12288K, 99% used [0x000000078e680000,0x000000078f27b2d0,0x000000078f280000)
  to   space 8704K, 0% used [0x000000078f600000,0x000000078f600000,0x000000078fe80000)
 ParOldGen       total 123904K, used 26116K [0x0000000701200000, 0x0000000708b00000, 0x0000000780600000)
  object space 123904K, 21% used [0x0000000701200000,0x0000000702b813f8,0x0000000708b00000)
 Metaspace       used 56397K, capacity 59150K, committed 59160K, reserved 1099776K
  class space    used 7814K, capacity 8312K, committed 8320K, reserved 1048576K
Event: 14.796 GC heap after
Heap after GC invocations=12 (full 3):
 PSYoungGen      total 230400K, used 0K [0x0000000780600000, 0x000000078fe80000, 0x00000007c0000000)
  eden space 218112K, 0% used [0x0000000780600000,0x0000000780600000,0x000000078db00000)
  from space 12288K, 0% used [0x000000078e680000,0x000000078e680000,0x000000078f280000)
  to   space 8704K, 0% used [0x000000078f600000,0x000000078f600000,0x000000078fe80000)
 ParOldGen       total 123904K, used 34504K [0x0000000701200000, 0x0000000708b00000, 0x0000000780600000)
  object space 123904K, 27% used [0x0000000701200000,0x00000007033b2350,0x0000000708b00000)
 Metaspace       used 56397K, capacity 59150K, committed 59160K, reserved 1099776K
  class space    used 7814K, capacity 8312K, committed 8320K, reserved 1048576K
}

